Running on the GPU0

#### starting new seed ####

random seed is: 11135967900375438520
model's performance on test data:
mse: 569876.9622394731, rmse: 754.9019553819378, mean: 23.72961219607106
std: 754.5666340611573, min: -2010.9263108850616, max: 2183.758432771088

iteration: 0, loss: 517316.691517, current train MSE: 517316.91513983003, lowers train MSE: 517316.91513983003, training time: 1.6910s
model's performance on test data:
mse: 10.537819608040747, rmse: 3.2462007960138184, mean: -0.3216862973624386
std: 3.230384045064712, min: -9.428301249041624, max: 21.20314657514291

iteration: 2000, loss: 14.219848, current train MSE: 19.385085088423445, lowers train MSE: 10.347809556492503, training time: 141.3584s
model's performance on test data:
mse: 2.38458932025467, rmse: 1.5442115529468978, mean: 0.43096809902548777
std: 1.482928092189822, min: -5.717981464082868, max: 8.706317087197931

iteration: 4000, loss: 5.197850, current train MSE: 10.566038401099068, lowers train MSE: 1.510291617070985, training time: 320.5180s
model's performance on test data:
mse: 1.2084661269813817, rmse: 1.0993025638928446, mean: 0.003982309470947449
std: 1.0993503199594357, min: -6.193911070884724, max: 5.366780067336549

iteration: 6000, loss: 5.160519, current train MSE: 10.707241873371375, lowers train MSE: 0.6035673208528942, training time: 507.0899s
model's performance on test data:
mse: 0.5055193009559684, rmse: 0.7109988051719697, mean: -0.28024068245838873
std: 0.653473154616338, min: -4.430916898857731, max: 2.10015540429049

iteration: 8000, loss: -4.428522, current train MSE: 1.3734880978480215, lowers train MSE: 0.3342740641707447, training time: 702.7742s
model's performance on test data:
mse: 0.2479759289510008, rmse: 0.4979718154183034, mean: 0.12471961471953115
std: 0.482124663537593, min: -0.8681901533068412, max: 1.4016765434909928

iteration: 10000, loss: -3.346840, current train MSE: 3.071760083182797, lowers train MSE: 0.16342153873305265, training time: 885.8822s
model's performance on test data:
mse: 0.06274219471871362, rmse: 0.2504839210782074, mean: -0.06496904799100162
std: 0.24192368685607651, min: -1.4485686173625254, max: 0.4952818778287593

iteration: 12000, loss: -7.077306, current train MSE: 0.5784289258366871, lowers train MSE: 0.040251578088616916, training time: 1058.4226s
model's performance on test data:
mse: 0.04182002586210828, rmse: 0.20449945198486053, mean: -0.03421801409010868
std: 0.20162643357216972, min: -0.4799910701936625, max: 0.4161876920824312

iteration: 14000, loss: -10.131555, current train MSE: 0.20968344841294373, lowers train MSE: 0.02313620686572131, training time: 1251.9940s
model's performance on test data:
mse: 0.017866399693240168, rmse: 0.13366525237787183, mean: -0.011145062625880766
std: 0.13320646261109453, min: -0.47948579565399996, max: 0.3117019200408322

iteration: 16000, loss: -10.636187, current train MSE: 1.6683348617479674, lowers train MSE: 0.011983015675330933, training time: 1439.3430s
model's performance on test data:
mse: 0.009972965336997326, rmse: 0.09986473520215895, mean: 0.030917007420482322
std: 0.09496318126385257, min: -0.39098018863774087, max: 0.3428927428556108

iteration: 18000, loss: -13.339097, current train MSE: 0.33540488141944536, lowers train MSE: 0.006024639825210017, training time: 1632.6637s

##########
reduced lr to 0.0001
##########

slurmstepd-cc-gpu-n01: error: *** JOB 14408 ON cc-gpu-n01 CANCELLED AT 2023-02-01T15:15:33 ***
