Traceback (most recent call last):
  File "/home/math/scholl/projects/physicalLawLearning/SyReNets/syrenets_code/train.py", line 1, in <module>
    from neurips_supplementary import train
  File "/home/math/scholl/projects/physicalLawLearning/SyReNets/syrenets_code/neurips_supplementary.py", line 1, in <module>
    import torch
ModuleNotFoundError: No module named 'torch'
Traceback (most recent call last):
  File "/home/math/scholl/projects/physicalLawLearning/SyReNets/syrenets_code/train.py", line 1, in <module>
    from neurips_supplementary import train
  File "/home/math/scholl/projects/physicalLawLearning/SyReNets/syrenets_code/neurips_supplementary.py", line 1, in <module>
    import torch
ModuleNotFoundError: No module named 'torch'
Traceback (most recent call last):
  File "/home/math/scholl/projects/physicalLawLearning/SyReNets/syrenets_code/train.py", line 1, in <module>
    from neurips_supplementary import train
  File "/home/math/scholl/projects/physicalLawLearning/SyReNets/syrenets_code/neurips_supplementary.py", line 1, in <module>
    import torch
ModuleNotFoundError: No module named 'torch'
Traceback (most recent call last):
  File "/home/math/scholl/projects/physicalLawLearning/SyReNets/syrenets_code/train.py", line 1, in <module>
    from neurips_supplementary import train
  File "/home/math/scholl/projects/physicalLawLearning/SyReNets/syrenets_code/neurips_supplementary.py", line 1, in <module>
    import torch
ModuleNotFoundError: No module named 'torch'
Traceback (most recent call last):
  File "/home/math/scholl/projects/physicalLawLearning/SyReNets/syrenets_code/train.py", line 1, in <module>
    from neurips_supplementary import train
  File "/home/math/scholl/projects/physicalLawLearning/SyReNets/syrenets_code/neurips_supplementary.py", line 1, in <module>
    import torch
ModuleNotFoundError: No module named 'torch'
Traceback (most recent call last):
  File "/home/math/scholl/projects/physicalLawLearning/SyReNets/syrenets_code/train.py", line 1, in <module>
    from neurips_supplementary import train
  File "/home/math/scholl/projects/physicalLawLearning/SyReNets/syrenets_code/neurips_supplementary.py", line 1, in <module>
    import torch
ModuleNotFoundError: No module named 'torch'
Traceback (most recent call last):
  File "/home/math/scholl/projects/physicalLawLearning/SyReNets/syrenets_code/train.py", line 1, in <module>
    from neurips_supplementary import train
  File "/home/math/scholl/projects/physicalLawLearning/SyReNets/syrenets_code/neurips_supplementary.py", line 1, in <module>
    import torch
ModuleNotFoundError: No module named 'torch'
Traceback (most recent call last):
  File "/home/math/scholl/projects/physicalLawLearning/SyReNets/syrenets_code/train.py", line 1, in <module>
    from neurips_supplementary import train
  File "/home/math/scholl/projects/physicalLawLearning/SyReNets/syrenets_code/neurips_supplementary.py", line 1, in <module>
    import torch
ModuleNotFoundError: No module named 'torch'
