Running on the GPU0

#### starting new seed ####

random seed is: 11135967900375438520
model's performance on test data:
mse: 11796.316358464801, rmse: 108.61084825405241, mean: 77.1795894457942
std: 76.41864840973834, min: -16.07834167608757, max: 331.46298333892446

iteration: 0, loss: 14215.749235, current train MSE: 14215.912803353334, lowers train MSE: 14215.912803353334, training time: 0.6438s
model's performance on test data:
mse: 12584.184070435294, rmse: 112.17924973200388, mean: -11.167038096904864
std: 111.62379092642128, min: -290.70086724657875, max: 326.9237220245296

iteration: 2000, loss: -2.209096, current train MSE: 0.823078203734537, lowers train MSE: 0.13312865149386893, training time: 83.2515s
model's performance on test data:
mse: 12588.66406239209, rmse: 112.19921596157475, mean: -11.123899665606862
std: 111.64816370583172, min: -290.2990011683214, max: 327.19972737516724

iteration: 4000, loss: -3.724944, current train MSE: 0.1886927377502986, lowers train MSE: 0.03254088333213209, training time: 168.1925s
model's performance on test data:
mse: 12596.030818800813, rmse: 112.2320400723466, mean: -11.094550089328266
std: 111.6840703411901, min: -290.31186032778214, max: 327.26246699291175

iteration: 6000, loss: -3.910846, current train MSE: 1.205269692979983, lowers train MSE: 0.012649768258873583, training time: 272.3745s
model's performance on test data:
mse: 12579.930776585803, rmse: 112.16029055145053, mean: -10.98558505657574
std: 111.62274436895409, min: -289.81795249216435, max: 327.40850360067736

iteration: 8000, loss: -6.174433, current train MSE: 0.11616888081027477, lowers train MSE: 0.0038832842391695755, training time: 377.1904s
Running on the GPU0

#### starting new seed ####

random seed is: 11135967900375438520
model's performance on test data:
mse: 11796.316358464801, rmse: 108.61084825405241, mean: 77.1795894457942
std: 76.41864840973834, min: -16.07834167608757, max: 331.46298333892446

iteration: 0, loss: 14215.781124, current train MSE: 14215.912803353334, lowers train MSE: 14215.912803353334, training time: 0.6082s
model's performance on test data:
mse: 12594.646707588288, rmse: 112.22587361026996, mean: -11.169121939027233
std: 111.67043976997854, min: -291.1083690937199, max: 326.8185834195559

iteration: 2000, loss: -2.645370, current train MSE: 0.24428625718071909, lowers train MSE: 0.1398578156030008, training time: 79.2622s
model's performance on test data:
mse: 12579.220108822628, rmse: 112.15712241682482, mean: -11.04373514259334
std: 111.61382227837, min: -290.1587500404294, max: 327.2138466167365

iteration: 4000, loss: -3.510171, current train MSE: 0.10442671407915094, lowers train MSE: 0.02084943027630446, training time: 162.7177s
model's performance on test data:
mse: 12589.51562998349, rmse: 112.20301078840751, mean: -11.03473281846537
std: 111.66082540546442, min: -290.1408086453205, max: 327.32374986251557

iteration: 6000, loss: -4.064623, current train MSE: 0.46715487781808696, lowers train MSE: 0.004534151294082351, training time: 253.1616s

##########
reduced lr to 0.0001
##########

model's performance on test data:
mse: 12589.51562998349, rmse: 112.20301078840751, mean: -11.03473281846537
std: 111.66082540546442, min: -290.1408086453205, max: 327.32374986251557

iteration: 8000, loss: -5.750709, current train MSE: 0.03463370501789678, lowers train MSE: 0.004534151294082351, training time: 352.6770s

##########
reduced lr to 1e-05
##########

Running on the GPU0

#### starting new seed ####

random seed is: 11135967900375438520
model's performance on test data:
mse: 11796.316358464801, rmse: 108.61084825405241, mean: 77.1795894457942
std: 76.41864840973834, min: -16.07834167608757, max: 331.46298333892446

iteration: 0, loss: 14216.100011, current train MSE: 14215.912803353334, lowers train MSE: 14215.912803353334, training time: 0.6332s
model's performance on test data:
mse: 12580.82976431271, rmse: 112.16429808237874, mean: -11.177014088704595
std: 111.60776576381359, min: -290.8643022876026, max: 326.7637447681958

iteration: 2000, loss: -1.994729, current train MSE: 0.6872139951046456, lowers train MSE: 0.11246465596454255, training time: 79.8274s
model's performance on test data:
mse: 12578.567110793376, rmse: 112.15421129317158, mean: -11.037687418179214
std: 111.6114951592493, min: -290.14818829502553, max: 327.15041717228104

iteration: 4000, loss: -2.871322, current train MSE: 0.5863570476837612, lowers train MSE: 0.016207448697792098, training time: 163.1748s
model's performance on test data:
mse: 12595.261350345741, rmse: 112.22861199509572, mean: -11.062469472490559
std: 111.68380772763142, min: -290.2279991547469, max: 327.33933587527633

iteration: 6000, loss: -4.216705, current train MSE: 0.09749509705698285, lowers train MSE: 0.003921865184954252, training time: 254.0620s
model's performance on test data:
mse: 12592.432142006177, rmse: 112.21600662118652, mean: -11.027633879181645
std: 111.67458599740704, min: -290.1331569293018, max: 327.36903433483167

iteration: 8000, loss: -4.904744, current train MSE: 0.0768545930104659, lowers train MSE: 0.0022098806353376818, training time: 353.1535s
Running on the GPU0

#### starting new seed ####

random seed is: 11135967900375438520
model's performance on test data:
mse: 11796.316358464801, rmse: 108.61084825405241, mean: 77.1795894457942
std: 76.41864840973834, min: -16.07834167608757, max: 331.46298333892446

iteration: 0, loss: 14219.288888, current train MSE: 14215.912803353334, lowers train MSE: 14215.912803353334, training time: 0.6584s
model's performance on test data:
mse: 12573.187579978638, rmse: 112.13022598736987, mean: -11.10005991091407
std: 111.58120506213258, min: -290.82124808523304, max: 326.6710518690577

iteration: 2000, loss: 0.119256, current train MSE: 0.9798724311272635, lowers train MSE: 0.13623514181075014, training time: 86.4368s
model's performance on test data:
mse: 12601.081769819195, rmse: 112.25454008555376, mean: -11.120864575297851
std: 111.70406470381934, min: -290.5777533550705, max: 327.1816554885582

iteration: 4000, loss: -1.386610, current train MSE: 0.35537173355327334, lowers train MSE: 0.02644785590418633, training time: 170.5860s
model's performance on test data:
mse: 12586.444740426388, rmse: 112.18932542994627, mean: -11.01655382740725
std: 111.64886845541488, min: -290.0190997053291, max: 327.36975052915517

iteration: 6000, loss: -2.997823, current train MSE: 0.0033120646594637423, lowers train MSE: 0.002635370497846495, training time: 261.4384s
model's performance on test data:
mse: 12590.158341907636, rmse: 112.20587481013477, mean: -11.02418004174879
std: 111.66474578977827, min: -290.0248041784185, max: 327.40256408583315

iteration: 8000, loss: -3.895634, current train MSE: 0.031142261943590356, lowers train MSE: 0.00043530299494648966, training time: 361.3087s
