Running on the GPU0

#### starting new seed ####

random seed is: 11135967900375438520
model's performance on test data:
mse: 12089.369792216605, rmse: 109.95167025660231, mean: 78.57621914859119
std: 76.91384241094545, min: -14.303402409409669, max: 329.67490194624423

iteration: 0, loss: 14221.935376, current train MSE: 14222.15899832589, lowers train MSE: 14222.15899832589, training time: 1.6397s
model's performance on test data:
mse: 0.07997746540925973, rmse: 0.2828028737641464, mean: -0.03161622391831603
std: 0.28104408627648525, min: -0.9871538068791441, max: 0.822484291762251

iteration: 2000, loss: -4.959661, current train MSE: 0.20403456274002854, lowers train MSE: 0.1099705315291868, training time: 142.4622s
model's performance on test data:
mse: 0.015202445521829493, rmse: 0.12329819756115452, mean: -0.0598465705441604
std: 0.10780536037086974, min: -0.4518672392088279, max: 0.29603285223623743

iteration: 4000, loss: -6.333759, current train MSE: 0.08977302948950962, lowers train MSE: 0.006471641131798438, training time: 286.8369s
model's performance on test data:
mse: 0.011621174167890113, rmse: 0.10780154993268934, mean: -0.03318338292845196
std: 0.10257236168685543, min: -0.35790993394438786, max: 0.34219124305668913

iteration: 6000, loss: -9.788732, current train MSE: 0.6993354251019142, lowers train MSE: 0.0044971130317231845, training time: 437.1920s

##########
reduced lr to 0.0001
##########

model's performance on test data:
mse: 0.0005263630528697774, rmse: 0.022942603445768255, mean: -0.006063453880188863
std: 0.022127958443375683, min: -0.07382091058934748, max: 0.10680817358758077

iteration: 8000, loss: -13.161710, current train MSE: 0.001499699649096525, lowers train MSE: 0.0007084656758471126, training time: 596.5394s
model's performance on test data:
mse: 0.0004460761649372125, rmse: 0.021120515262114524, mean: -0.0010771495506192044
std: 0.021094084718731962, min: -0.050380721016665575, max: 0.10207048042752831

iteration: 10000, loss: -13.712523, current train MSE: 0.005095482245618791, lowers train MSE: 0.0004554947996427044, training time: 761.2912s
model's performance on test data:
mse: 0.0005759896255662747, rmse: 0.023999783864990843, mean: -0.00620346635225141
std: 0.023185348545227417, min: -0.06745269714457436, max: 0.07583033055209398

iteration: 12000, loss: -14.218912, current train MSE: 0.000653958058424015, lowers train MSE: 0.00037357143206680524, training time: 933.5954s
model's performance on test data:
mse: 0.00029279132230080755, rmse: 0.017111146142231606, mean: 0.0026768560726779522
std: 0.01690131147261771, min: -0.042632624148922105, max: 0.07978436679803735

iteration: 14000, loss: -14.716576, current train MSE: 0.01673519935446394, lowers train MSE: 0.00018115053531822645, training time: 1114.9721s
model's performance on test data:
mse: 0.00026197935691760395, rmse: 0.016185776376732873, mean: -0.001071527533249784
std: 0.0161510764831873, min: -0.07257908446359806, max: 0.060429285583495584

iteration: 16000, loss: -15.471660, current train MSE: 0.0003219123659450189, lowers train MSE: 0.00016587237893877035, training time: 1304.2760s
model's performance on test data:
mse: 0.00028709507744831156, rmse: 0.01694388023589377, mean: -0.001854365455332745
std: 0.01684294436493612, min: -0.051113748691093974, max: 0.08990636623121873

iteration: 18000, loss: -16.038541, current train MSE: 0.00818743761909078, lowers train MSE: 0.0001422563941769916, training time: 1500.4255s
Running on the GPU0

#### starting new seed ####

random seed is: 11135967900375438520
model's performance on test data:
mse: 12089.369792216605, rmse: 109.95167025660231, mean: 78.57621914859119
std: 76.91384241094545, min: -14.303402409409669, max: 329.67490194624423

iteration: 0, loss: 14221.999599, current train MSE: 14222.15899832589, lowers train MSE: 14222.15899832589, training time: 1.2032s
model's performance on test data:
mse: 0.07282451468408946, rmse: 0.2698601761729386, mean: -0.07259475603188474
std: 0.2599255128980995, min: -0.9648323439488049, max: 0.41985450193978124

iteration: 2000, loss: -4.677003, current train MSE: 0.43521544877887164, lowers train MSE: 0.056049095871355106, training time: 142.7965s
model's performance on test data:
mse: 0.009680400931774132, rmse: 0.09838902851321449, mean: -0.02978166909612417
std: 0.09377810276309038, min: -0.31462021786226346, max: 0.16240712368758636

iteration: 4000, loss: -6.432277, current train MSE: 0.02444717873694466, lowers train MSE: 0.004336307977358197, training time: 286.9309s

##########
reduced lr to 0.0001
##########

model's performance on test data:
mse: 0.009680400931774132, rmse: 0.09838902851321449, mean: -0.02978166909612417
std: 0.09377810276309038, min: -0.31462021786226346, max: 0.16240712368758636

iteration: 6000, loss: -9.366438, current train MSE: 0.015011333055649112, lowers train MSE: 0.004336307977358197, training time: 434.5808s

##########
reduced lr to 1e-05
##########

model's performance on test data:
mse: 0.009680400931774132, rmse: 0.09838902851321449, mean: -0.02978166909612417
std: 0.09377810276309038, min: -0.31462021786226346, max: 0.16240712368758636

iteration: 8000, loss: -9.669766, current train MSE: 0.01026008619992948, lowers train MSE: 0.004336307977358197, training time: 592.0368s
model's performance on test data:
mse: 0.009680400931774132, rmse: 0.09838902851321449, mean: -0.02978166909612417
std: 0.09377810276309038, min: -0.31462021786226346, max: 0.16240712368758636

iteration: 10000, loss: -9.786304, current train MSE: 0.008897552780004547, lowers train MSE: 0.004336307977358197, training time: 755.8515s
model's performance on test data:
mse: 0.002837386103577972, rmse: 0.05326712028613873, mean: -0.011312044152393497
std: 0.05205472823733216, min: -0.15146764588212136, max: 0.17001093622934604

iteration: 12000, loss: -10.030471, current train MSE: 0.005008660804747869, lowers train MSE: 0.003618412289360374, training time: 927.2622s
model's performance on test data:
mse: 0.0017199140687693246, rmse: 0.041471846700735726, mean: -0.008976135756618733
std: 0.04049082621271949, min: -0.13582331254778524, max: 0.09523193375895289

iteration: 14000, loss: -10.455567, current train MSE: 0.003924272847236386, lowers train MSE: 0.0019983300955017675, training time: 1109.2507s
model's performance on test data:
mse: 0.0006713866960381518, rmse: 0.025911130736387244, mean: -0.004734398046199752
std: 0.02547620606177935, min: -0.09822573218809794, max: 0.10574401025937163

iteration: 16000, loss: -10.989680, current train MSE: 0.0014641491612796742, lowers train MSE: 0.0006231391588111879, training time: 1299.3291s
model's performance on test data:
mse: 0.0005577105507548851, rmse: 0.02361589614549668, mean: -0.008313980726580978
std: 0.022105138301511684, min: -0.0774962895015392, max: 0.06839172474207089

iteration: 18000, loss: -11.396533, current train MSE: 0.0007307725464071246, lowers train MSE: 0.0002982828417365069, training time: 1495.9860s
slurmstepd-cc-gpu-n01: error: get_exit_code task 0 died by signal
