Running on the GPU0

#### starting new seed ####

random seed is: 11135967900375438520
model's performance on test data:
mse: 2046.0118268527376, rmse: 45.2328622447523, mean: 33.41919774134177
std: 30.482750638406156, min: -11.484332352365888, max: 109.35513658795098

iteration: 0, loss: 2133.928851, current train MSE: 2137.3735474957766, lowers train MSE: 2137.3735474957766, training time: 1.3772s
Running on the GPU0

#### starting new seed ####

random seed is: 11135967900375438520
model's performance on test data:
mse: 2046.0118268527376, rmse: 45.2328622447523, mean: 33.41919774134177
std: 30.482750638406156, min: -11.484332352365888, max: 109.35513658795098

iteration: 0, loss: 2134.004771, current train MSE: 2137.3735474957766, lowers train MSE: 2137.3735474957766, training time: 1.1524s
Running on the GPU0

#### starting new seed ####

random seed is: 11135967900375438520
model's performance on test data:
mse: 2046.0118268527376, rmse: 45.2328622447523, mean: 33.41919774134177
std: 30.482750638406156, min: -11.484332352365888, max: 109.35513658795098

iteration: 0, loss: 2134.763970, current train MSE: 2137.3735474957766, lowers train MSE: 2137.3735474957766, training time: 1.1525s
Running on the GPU0

#### starting new seed ####

random seed is: 11135967900375438520
model's performance on test data:
mse: 2046.0118268527376, rmse: 45.2328622447523, mean: 33.41919774134177
std: 30.482750638406156, min: -11.484332352365888, max: 109.35513658795098

iteration: 0, loss: 2142.355961, current train MSE: 2137.3735474957766, lowers train MSE: 2137.3735474957766, training time: 1.1428s
