Running on the GPU0

#### starting new seed ####

random seed is: 11135967900375438520
model's performance on test data:
mse: 569876.9622394731, rmse: 754.9019553819378, mean: 23.72961219607106
std: 754.5666340611573, min: -2010.9263108850616, max: 2183.758432771088

iteration: 0, loss: 517316.691517, current train MSE: 517316.91513983003, lowers train MSE: 517316.91513983003, training time: 1.6942s
model's performance on test data:
mse: 10.537819608040747, rmse: 3.2462007960138184, mean: -0.3216862973624386
std: 3.230384045064712, min: -9.428301249041624, max: 21.20314657514291

iteration: 2000, loss: 14.219848, current train MSE: 19.385085088423445, lowers train MSE: 10.347809556492503, training time: 140.3086s
model's performance on test data:
mse: 2.38458932025467, rmse: 1.5442115529468978, mean: 0.43096809902548777
std: 1.482928092189822, min: -5.717981464082868, max: 8.706317087197931

iteration: 4000, loss: 5.197850, current train MSE: 10.566038401099068, lowers train MSE: 1.510291617070985, training time: 283.4908s
model's performance on test data:
mse: 1.2084661269813817, rmse: 1.0993025638928446, mean: 0.003982309470947449
std: 1.0993503199594357, min: -6.193911070884724, max: 5.366780067336549

iteration: 6000, loss: 5.160519, current train MSE: 10.707241873371375, lowers train MSE: 0.6035673208528942, training time: 434.1622s
model's performance on test data:
mse: 0.5055193009559684, rmse: 0.7109988051719697, mean: -0.28024068245838873
std: 0.653473154616338, min: -4.430916898857731, max: 2.10015540429049

iteration: 8000, loss: -4.428522, current train MSE: 1.3734880978480215, lowers train MSE: 0.3342740641707447, training time: 592.2205s
model's performance on test data:
mse: 0.2479759289510008, rmse: 0.4979718154183034, mean: 0.12471961471953115
std: 0.482124663537593, min: -0.8681901533068412, max: 1.4016765434909928

iteration: 10000, loss: -3.346840, current train MSE: 3.071760083182797, lowers train MSE: 0.16342153873305265, training time: 756.5247s
model's performance on test data:
mse: 0.06274219471871362, rmse: 0.2504839210782074, mean: -0.06496904799100162
std: 0.24192368685607651, min: -1.4485686173625254, max: 0.4952818778287593

iteration: 12000, loss: -7.077306, current train MSE: 0.5784289258366871, lowers train MSE: 0.040251578088616916, training time: 929.0720s
model's performance on test data:
mse: 0.04182002586210828, rmse: 0.20449945198486053, mean: -0.03421801409010868
std: 0.20162643357216972, min: -0.4799910701936625, max: 0.4161876920824312

iteration: 14000, loss: -10.131555, current train MSE: 0.20968344841294373, lowers train MSE: 0.02313620686572131, training time: 1110.9387s
model's performance on test data:
mse: 0.017866399693240168, rmse: 0.13366525237787183, mean: -0.011145062625880766
std: 0.13320646261109453, min: -0.47948579565399996, max: 0.3117019200408322

iteration: 16000, loss: -10.636187, current train MSE: 1.6683348617479674, lowers train MSE: 0.011983015675330933, training time: 1299.1680s
model's performance on test data:
mse: 0.009972965336997326, rmse: 0.09986473520215895, mean: 0.030917007420482322
std: 0.09496318126385257, min: -0.39098018863774087, max: 0.3428927428556108

iteration: 18000, loss: -13.339097, current train MSE: 0.33540488141944536, lowers train MSE: 0.006024639825210017, training time: 1494.4294s

##########
reduced lr to 0.0001
##########

Running on the GPU0

#### starting new seed ####

random seed is: 11135967900375438520
model's performance on test data:
mse: 569876.9622394731, rmse: 754.9019553819378, mean: 23.72961219607106
std: 754.5666340611573, min: -2010.9263108850616, max: 2183.758432771088

iteration: 0, loss: 517316.755740, current train MSE: 517316.91513983003, lowers train MSE: 517316.91513983003, training time: 1.1923s
model's performance on test data:
mse: 7.573684835777138, rmse: 2.752032855141293, mean: -0.6466167202141009
std: 2.6751237888920185, min: -6.922762673743705, max: 17.36865968419488

iteration: 2000, loss: 13.933107, current train MSE: 19.078656477883996, lowers train MSE: 7.880737247538968, training time: 139.0872s
model's performance on test data:
mse: 2.034943564085915, rmse: 1.4265144808539152, mean: 0.0006233585316962603
std: 1.4265856761276772, min: -6.525917086767322, max: 7.287950812362851

iteration: 4000, loss: 6.867486, current train MSE: 12.20314722417407, lowers train MSE: 1.3440091333870146, training time: 280.9976s
model's performance on test data:
mse: 0.9056458067948475, rmse: 0.9516542475052836, mean: -0.17208680669165188
std: 0.9360125801289578, min: -5.201652135515587, max: 3.569705080793483

iteration: 6000, loss: 11.958477, current train MSE: 17.467517645305485, lowers train MSE: 0.6459076882359318, training time: 428.4468s
model's performance on test data:
mse: 0.49174580864267536, rmse: 0.7012458974159317, mean: -0.09716245430355042
std: 0.694516739707571, min: -3.841948482664293, max: 2.535545982610529

iteration: 8000, loss: -2.257587, current train MSE: 3.4825640099857518, lowers train MSE: 0.31216584197582325, training time: 584.5734s
model's performance on test data:
mse: 0.20905621894814513, rmse: 0.457226660364578, mean: -0.14660149016606092
std: 0.4331085088499895, min: -1.6734366884836618, max: 0.9062062310090369

iteration: 10000, loss: -4.875018, current train MSE: 1.4032103368426774, lowers train MSE: 0.12593160457513203, training time: 747.6776s
model's performance on test data:
mse: 0.08937662962713025, rmse: 0.29895924409044494, mean: 0.016138768586429812
std: 0.29853824267603096, min: -0.6327516108360669, max: 0.7546004881248791

iteration: 12000, loss: -7.428726, current train MSE: 0.1272564322628677, lowers train MSE: 0.054822312788793695, training time: 919.0950s
model's performance on test data:
mse: 0.05006305245702727, rmse: 0.22374774290934707, mean: -0.04625579528146418
std: 0.21892520803538554, min: -0.8498541940630275, max: 0.3925710765997792

iteration: 14000, loss: -9.423234, current train MSE: 0.359004745110322, lowers train MSE: 0.032301718528741, training time: 1100.3343s
model's performance on test data:
mse: 0.035842630861675606, rmse: 0.1893215013189881, mean: -0.058394095565613806
std: 0.18009998356340468, min: -0.9073181838266464, max: 0.279495745505983

iteration: 16000, loss: -12.052095, current train MSE: 0.17426376314945102, lowers train MSE: 0.016783722311569535, training time: 1288.6693s

##########
reduced lr to 0.0001
##########

model's performance on test data:
mse: 0.018384740870136602, rmse: 0.13559034209757198, mean: -0.036726254508064056
std: 0.13052826082628974, min: -0.48466855085575844, max: 0.31839225126805104

iteration: 18000, loss: -12.148724, current train MSE: 0.3415413299662558, lowers train MSE: 0.00954519775968703, training time: 1483.4424s
Running on the GPU0

#### starting new seed ####

random seed is: 11135967900375438520
model's performance on test data:
mse: 569876.9622394731, rmse: 754.9019553819378, mean: 23.72961219607106
std: 754.5666340611573, min: -2010.9263108850616, max: 2183.758432771088

iteration: 0, loss: 517317.397970, current train MSE: 517316.91513983003, lowers train MSE: 517316.91513983003, training time: 1.2184s
model's performance on test data:
mse: 10.52955929536528, rmse: 3.244928241943923, mean: -0.28090619019949675
std: 3.232908316523953, min: -5.939178585482409, max: 19.54688065951268

iteration: 2000, loss: 32.284054, current train MSE: 36.99331683385726, lowers train MSE: 11.939154703675815, training time: 147.0819s
model's performance on test data:
mse: 2.3038567079340515, rmse: 1.5178460751782612, mean: -0.40820849940688164
std: 1.4619973576557685, min: -3.6914445906922424, max: 7.915211681838173

iteration: 4000, loss: 7.193986, current train MSE: 11.97339483536092, lowers train MSE: 1.594394498748181, training time: 299.0385s
model's performance on test data:
mse: 1.1463651680975946, rmse: 1.0706844390844552, mean: 0.07612182684285515
std: 1.0680284194144376, min: -2.385398635741012, max: 4.716831490497043

iteration: 6000, loss: 7.590454, current train MSE: 12.593652857665528, lowers train MSE: 0.6767239988510774, training time: 457.1214s
model's performance on test data:
mse: 0.37930848133053113, rmse: 0.6158802491804158, mean: 0.18545887049833237
std: 0.5873227252993121, min: -1.2241170485080772, max: 3.3746403148647914

iteration: 8000, loss: 10.983202, current train MSE: 16.22903030765315, lowers train MSE: 0.36860865589722136, training time: 623.1463s
model's performance on test data:
mse: 0.2165549646959633, rmse: 0.46535466549285104, mean: -0.10410629166626628
std: 0.45358286850506074, min: -2.3934125066878096, max: 2.4482808453030884

iteration: 10000, loss: -5.106101, current train MSE: 0.6247041413411918, lowers train MSE: 0.10045548115790828, training time: 796.5540s
model's performance on test data:
mse: 0.048404827022404805, rmse: 0.22001097023195185, mean: 0.019939144282127435
std: 0.21911654154608703, min: -0.6889171008392623, max: 0.7583790547371336

iteration: 12000, loss: -5.726354, current train MSE: 1.2444811033601915, lowers train MSE: 0.038888956368304306, training time: 977.2083s
model's performance on test data:
mse: 0.013851583447589223, rmse: 0.11769275019128929, mean: 0.005432670316261848
std: 0.11757317676486154, min: -0.3753027897009815, max: 0.240592636451197

iteration: 14000, loss: -9.169876, current train MSE: 0.12700306180063137, lowers train MSE: 0.008341640252297892, training time: 1167.9017s
model's performance on test data:
mse: 0.0071695925228754875, rmse: 0.08467344638595672, mean: 0.011457690747154817
std: 0.08389885429251617, min: -0.33739452554118543, max: 0.20816072435263777

iteration: 16000, loss: -11.798335, current train MSE: 0.029261936287634162, lowers train MSE: 0.006059747412080638, training time: 1365.3337s
model's performance on test data:
mse: 0.003199832477836535, rmse: 0.05656706177482206, mean: 0.012925542344531858
std: 0.05507327974300534, min: -0.2636935058110339, max: 0.48088492716215114

iteration: 18000, loss: -13.050014, current train MSE: 0.034013271139814824, lowers train MSE: 0.002827430897531019, training time: 1571.4674s
Running on the GPU0

#### starting new seed ####

random seed is: 11135967900375438520
model's performance on test data:
mse: 569876.9622394731, rmse: 754.9019553819378, mean: 23.72961219607106
std: 754.5666340611573, min: -2010.9263108850616, max: 2183.758432771088

iteration: 0, loss: 517323.820270, current train MSE: 517316.91513983003, lowers train MSE: 517316.91513983003, training time: 1.1836s
model's performance on test data:
mse: 10.317132336411834, rmse: 3.2120293174894643, mean: -0.9456253113627665
std: 3.0698318355782095, min: -7.971061828298275, max: 12.444515983427664

iteration: 2000, loss: 41.332715, current train MSE: 42.14209061696907, lowers train MSE: 10.048645134839319, training time: 146.2844s
model's performance on test data:
mse: 1.392410653740171, rmse: 1.1800045142880475, mean: 0.11289741503946021
std: 1.1746500792038788, min: -5.439612696744689, max: 6.628437471383677

iteration: 4000, loss: 7.882958, current train MSE: 9.01348742807319, lowers train MSE: 0.7565159718307589, training time: 295.7210s
model's performance on test data:
mse: 0.6163076893682492, rmse: 0.7850526666206855, mean: -0.0420215663106132
std: 0.7839664138382654, min: -6.131831822461436, max: 3.458917377002763

iteration: 6000, loss: 16.518673, current train MSE: 17.89361307241945, lowers train MSE: 0.3340704667375425, training time: 452.9596s
model's performance on test data:
mse: 0.189283468012453, rmse: 0.43506719942148364, mean: 0.014959471202819152
std: 0.43483168031183467, min: -2.984777291207365, max: 2.2750664054315166

iteration: 8000, loss: -1.079608, current train MSE: 0.6587142448527861, lowers train MSE: 0.18600779309842547, training time: 620.2529s
model's performance on test data:
mse: 0.09707473999182266, rmse: 0.3115681947693356, mean: 0.05429088214946279
std: 0.3068169712207121, min: -1.6056768529845158, max: 1.5695499987973562

iteration: 10000, loss: -2.151661, current train MSE: 0.07796390440746502, lowers train MSE: 0.07796390440746502, training time: 793.9884s
model's performance on test data:
mse: 0.046787891398954416, rmse: 0.2163050887033276, mean: -0.026304930087294374
std: 0.21471039131218903, min: -1.4918871039023998, max: 1.4158646807045443

iteration: 12000, loss: -2.739419, current train MSE: 0.5831999022682789, lowers train MSE: 0.03391057830678973, training time: 975.5305s
model's performance on test data:
mse: 0.019311902255997722, rmse: 0.13896727044882806, mean: -0.03757768991338622
std: 0.13379689700975295, min: -0.6856942102479024, max: 0.9005751752424658

iteration: 14000, loss: -4.607494, current train MSE: 0.47025829168225364, lowers train MSE: 0.015116492006087385, training time: 1166.0713s

##########
reduced lr to 0.0001
##########

model's performance on test data:
mse: 0.021558495118034076, rmse: 0.14682811419491185, mean: -0.0728444844718144
std: 0.12749039802890186, min: -0.6818290695787255, max: 0.20274628235893033

iteration: 16000, loss: -5.416550, current train MSE: 0.26199618307749184, lowers train MSE: 0.009873709237415797, training time: 1365.3644s
model's performance on test data:
mse: 0.010655396583241904, rmse: 0.10322498042257941, mean: -0.00748164546304401
std: 0.10295864033108164, min: -0.5154827090198069, max: 0.40175010329448924

iteration: 18000, loss: -6.057424, current train MSE: 0.04665680687880919, lowers train MSE: 0.008263979314383484, training time: 1570.5316s
